<?xml version="1.0" encoding="UTF-8"?>
<!-- Generated by org.testng.reporters.JUnitReportReporter -->
<testsuite hostname="NomadicShri" failures="0" tests="6" name="PathFactory.PathFactory.AutomationPractice" time="17.730" errors="0" timestamp="2022-04-12T19:45:17 EDT" skipped="0">
  <testcase classname="PathFactory.PathFactory.AutomationPractice" name="verifyLandingPageTest" time="0.028"/>
  <system-out/>
  <testcase classname="PathFactory.PathFactory.AutomationPractice" name="verifyEmptyStateErrorTest" time="5.300"/>
  <system-out/>
  <testcase classname="PathFactory.PathFactory.AutomationPractice" name="verifyIncorrectPasswordErrorTest" time="1.631"/>
  <system-out/>
  <testcase classname="PathFactory.PathFactory.AutomationPractice" name="verifyIncorrectEmailErrorTest" time="1.338"/>
  <system-out/>
  <testcase classname="PathFactory.PathFactory.AutomationPractice" name="verifyForgotPasswordLinkTest" time="7.227"/>
  <system-out/>
  <testcase classname="PathFactory.PathFactory.AutomationPractice" name="verifyLoginSuccess" time="2.206"/>
  <system-out/>
</testsuite> <!-- PathFactory.PathFactory.AutomationPractice -->
