<?xml version="1.0" encoding="UTF-8"?>
<!-- Generated by org.testng.reporters.JUnitReportReporter -->
<testsuite hostname="NomadicShri" failures="0" tests="2" name="unoSquare.UnoSquare.AutomationPractice" time="24.512" errors="0" timestamp="2022-04-12T22:58:33 EDT" skipped="0">
  <testcase classname="unoSquare.UnoSquare.AutomationPractice" name="verifyPageTitle" time="2.268"/>
  <system-out/>
  <testcase classname="unoSquare.UnoSquare.AutomationPractice" name="validateSubmitBtn" time="22.244"/>
  <system-out/>
</testsuite> <!-- unoSquare.UnoSquare.AutomationPractice -->
